<?xml version="1.0" encoding="UTF-8"?>
<testsuite name="grader.GameSystemTest" tests="3" skipped="0" failures="0" errors="0" timestamp="2026-01-15T18:50:19.250Z" hostname="ADMIN" time="0.024">
  <properties/>
  <testcase name="testPromoteMeleeUnit()" classname="grader.GameSystemTest" time="0.004"/>
  <testcase name="testPromoteFlyingUnit()" classname="grader.GameSystemTest" time="0.005"/>
  <testcase name="testPromoteRangeUnit()" classname="grader.GameSystemTest" time="0.005"/>
  <system-out><![CDATA[]]></system-out>
  <system-err><![CDATA[]]></system-err>
</testsuite>
