<?xml version="1.0" encoding="UTF-8"?>
<testsuite name="grader.MeleeUnitTest" tests="5" skipped="0" failures="0" errors="0" timestamp="2026-01-15T18:50:19.285Z" hostname="ADMIN" time="0.046">
  <properties/>
  <testcase name="testParentChild()" classname="grader.MeleeUnitTest" time="0.008"/>
  <testcase name="testAttack()" classname="grader.MeleeUnitTest" time="0.007"/>
  <testcase name="testMoveIllegal()" classname="grader.MeleeUnitTest" time="0.005"/>
  <testcase name="testMoveLegal()" classname="grader.MeleeUnitTest" time="0.004"/>
  <testcase name="testConstructor()" classname="grader.MeleeUnitTest" time="0.004"/>
  <system-out><![CDATA[ul1 attacks ul2
ul1 attacks ul4
]]></system-out>
  <system-err><![CDATA[]]></system-err>
</testsuite>
